2025/02/26 14:51:10 All database tables initialized successfully
2025/02/26 14:51:11 Бот запущен: DostupaloVPN_bot
2025/02/26 14:51:30 [DEBUG] Получение списка пользователей с подписками
2025/02/26 14:51:30 [DEBUG] Получено 3 подписок
2025/02/26 14:51:30 [DEBUG] Обработка подписки ID=3, UserID=13
2025/02/26 14:51:30 [DEBUG] Добавлен пользователь ID=13, TelegramID=623019762 в карту
2025/02/26 14:51:30 [DEBUG] Обработка подписки ID=2, UserID=13
2025/02/26 14:51:30 [DEBUG] Обработка подписки ID=1, UserID=13
2025/02/26 14:51:30 [DEBUG] Сформирована карта из 1 уникальных пользователей с подписками
2025/02/26 14:51:30 [DEBUG] Формирование сообщения о пользователе ID=13, TelegramID=623019762
2025/02/26 14:51:30 [DEBUG] Отправка сообщения о пользователе: 👤 *Пользователь #13*
ID в Telegram: `623019762`
Никнейм: @Demokrat_repablick
Имя: Iloki 
Дата регистрации: 26.02.2025

*Подписки:* 3 шт.
  1. ❌ Базовый (до 28.03.2025)
  2. ✅ Тест (до 28.03.2025)
  3. ❌ Тест (до 28.03.2025)
2025/02/26 14:51:31 [DEBUG] Сообщение о пользователе ID=13 успешно отправлено
2025/02/26 14:51:31 [DEBUG] Отправка кнопки 'Назад'
2025/02/26 14:51:31 [DEBUG] Кнопка 'Назад' успешно отправлена
